\BOOKMARK [1][-]{section*.6}{\376\377\000\040\000D\000A\000N\000H\000\040\000M\036\344\000C\000\040\000K\000\335\000\040\000H\000I\036\306\000U\000\040\000V\000\300\000\040\000C\000H\036\356\000\040\000V\000I\036\276\000T\000\040\000T\036\256\000T}{}% 1
\BOOKMARK [1][-]{section*.7}{\376\377\000\040\000D\000A\000N\000H\000\040\000M\036\344\000C\000\040\000H\000\314\000N\000H\000\040\000V\036\274}{}% 2
\BOOKMARK [1][-]{section*.8}{\376\377\000\040\000D\000A\000N\000H\000\040\000M\036\344\000C\000\040\000B\036\242\000N\000G\000\040\000B\000I\036\302\000U}{}% 3
\BOOKMARK [1][-]{section*.9}{\376\377\000T\000\323\000M\000\040\000T\036\256\000T\000\040\001\020\036\322\000\040\000\301\000N}{}% 4
\BOOKMARK [1][-]{section*.9}{\376\377\000C\000H\001\257\001\240\000N\000G\000\040\0001\000.\000\040\000T\036\324\000N\000G\000\040\000Q\000U\000A\000N}{}% 5
\BOOKMARK [2][-]{subsection.1.1}{\376\377\000T\000\355\000n\000h\000\040\000c\036\245\000p\000\040\000t\000h\000i\036\277\000t\000\040\000c\036\347\000a\000\040\001\021\036\301\000\040\000t\000\340\000i}{section*.9}% 6
\BOOKMARK [2][-]{subsection.1.2}{\376\377\000M\036\345\000c\000\040\001\021\000\355\000c\000h\000\040\000n\000g\000h\000i\000\352\000n\000\040\000c\036\351\000u}{section*.9}% 7
\BOOKMARK [2][-]{subsection.1.3}{\376\377\000P\000h\036\241\000m\000\040\000v\000i\000\040\001\021\036\301\000\040\000t\000\340\000i}{section*.9}% 8
\BOOKMARK [2][-]{subsection.1.4}{\376\377\000N\036\331\000i\000\040\000d\000u\000n\000g\000\040\000n\000g\000h\000i\000\352\000n\000\040\000c\036\351\000u}{section*.9}% 9
\BOOKMARK [2][-]{subsection.1.5}{\376\377\000C\000\341\000c\000\040\000n\000g\000h\000i\000\352\000n\000\040\000c\036\351\000u\000\040\000l\000i\000\352\000n\000\040\000q\000u\000a\000n}{section*.9}% 10
\BOOKMARK [3][-]{subsubsection.1.5.1}{\376\377\000T\000h\000i\036\277\000t\000\040\000b\036\313\000\040\001\021\000o}{subsection.1.5}% 11
\BOOKMARK [3][-]{subsubsection.1.5.2}{\376\377\000C\000\364\000n\000g\000\040\000n\000g\000h\036\307\000\040\000t\000r\000u\000y\036\301\000n\000\040\000t\000h\000\364\000n\000g\000\040\000t\000r\000o\000n\000g\000\040\000I\000O\000T}{subsection.1.5}% 12
\BOOKMARK [2][-]{subsection.1.6}{\376\377\000P\000h\001\260\001\241\000n\000g\000\040\000p\000h\000\341\000p\000\040\001\021\036\301\000\040\000x\000u\036\245\000t\000\040\000c\000h\000o\000\040\000h\036\307\000\040\000t\000h\036\321\000n\000g}{section*.9}% 13
\BOOKMARK [2][-]{subsection.1.7}{\376\377\000K\036\277\000t\000\040\000l\000u\036\255\000n}{section*.9}% 14
\BOOKMARK [1][-]{subsection.1.7}{\376\377\000C\000H\001\257\001\240\000N\000G\000\040\0002\000.\000\040\000C\001\240\000\040\000S\036\336\000\040\000L\000\335\000\040\000T\000H\000U\000Y\036\276\000T}{}% 15
\BOOKMARK [2][-]{subsection.2.1}{\376\377\000C\000\341\000c\000\040\000t\000h\000\364\000n\000g\000\040\000s\036\321\000\040\000c\000h\036\311\000\040\000t\000i\000\352\000u\000\040\000t\000r\000o\000n\000g\000\040\000m\000\364\000i\000\040\000t\000r\001\260\036\335\000n\000g\000\040\000n\000u\000\364\000i\000\040\000t\000\364\000m}{subsection.1.7}% 16
\BOOKMARK [3][-]{subsubsection.2.1.1}{\376\377\000\040\000S\036\361\000\040\036\243\000n\000h\000\040\000h\001\260\036\337\000n\000g\000\040\000c\036\347\000a\000\040\000n\000h\000i\036\307\000t\000\040\001\021\036\331\000\040\000t\036\333\000i\000\040\000m\000\364\000i\000\040\000t\000r\001\260\036\335\000n\000g\000\040\000n\000u\000\364\000i\000\040\000t\000\364\000m}{subsection.2.1}% 17
\BOOKMARK [3][-]{subsubsection.2.1.2}{\376\377\000\040\000S\036\361\000\040\036\243\000n\000h\000\040\000h\001\260\036\337\000n\000g\000\040\000c\036\347\000a\000\040\000D\000O\000\040\000t\036\333\000i\000\040\000m\000\364\000i\000\040\000t\000r\001\260\036\335\000n\000g\000\040\000n\000u\000\364\000i\000\040\000t\000\364\000m}{subsection.2.1}% 18
\BOOKMARK [3][-]{subsubsection.2.1.3}{\376\377\000\040\000S\036\361\000\040\036\243\000n\000h\000\040\000h\001\260\036\337\000n\000g\000\040\000c\036\347\000a\000\040\000P\000H\000\040\000t\036\333\000i\000\040\000m\000\364\000i\000\040\000t\000r\001\260\036\335\000n\000g\000\040\000n\000u\000\364\000i\000\040\000t\000\364\000m}{subsection.2.1}% 19
\BOOKMARK [3][-]{subsubsection.2.1.4}{\376\377\000\040\000S\036\361\000\040\036\243\000n\000h\000\040\000h\001\260\036\337\000n\000g\000\040\000c\036\347\000a\000\040\001\021\036\331\000\040\000m\036\267\000n\000\040\000t\036\333\000i\000\040\000m\000\364\000i\000\040\000t\000r\001\260\036\335\000n\000g\000\040\000n\000u\000\364\000i\000\040\000t\000\364\000m}{subsection.2.1}% 20
\BOOKMARK [2][-]{subsection.2.2}{\376\377\000L\000\375\000\040\000t\000h\000u\000y\036\277\000t\000\040\000v\036\301\000\040\000c\000\341\000c\000\040\000t\000h\000\364\000n\000g\000\040\000s\036\321\000\040\000v\000\340\000\040\000c\036\243\000m\000\040\000b\000i\036\277\000n}{subsection.1.7}% 21
\BOOKMARK [3][-]{subsubsection.2.2.1}{\376\377\000L\000\375\000\040\000t\000h\000u\000y\036\277\000t\000\040\000P\000H}{subsection.2.2}% 22
\BOOKMARK [3][-]{subsubsection.2.2.2}{\376\377\000L\000\375\000\040\000t\000h\000u\000y\036\277\000t\000\040\000c\000h\000u\000n\000g\000\040\000v\036\301\000\040\000O\000x\000i\000\040\000h\000\362\000a\000\040\000t\000a\000n\000\040\000v\000\340\000\040\000c\036\243\000m\000\040\000b\000i\036\277\000n\000\040\000D\000O\000\040}{subsection.2.2}% 23
\BOOKMARK [3][-]{subsubsection.2.2.3}{\376\377\000L\000\375\000\040\000t\000h\000u\000y\036\277\000t\000\040\000c\000h\000u\000n\000g\000\040\000v\036\301\000\040\001\021\036\331\000\040\000m\036\267\000n\000\040\000v\000\340\000\040\000c\036\243\000m\000\040\000b\000i\036\277\000n\000\040\000E\000C}{subsection.2.2}% 24
\BOOKMARK [3][-]{subsubsection.2.2.4}{\376\377\000L\000\375\000\040\000t\000h\000u\000y\036\277\000t\000\040\000c\000h\000u\000n\000g\000\040\000v\036\301\000\040\000n\000h\000i\036\307\000t\000\040\001\021\036\331\000\040\000v\000\340\000\040\000c\036\243\000m\000\040\000b\000i\036\277\000n\000\040\000n\000h\000i\036\307\000t\000\040\001\021\036\331\000\040}{subsection.2.2}% 25
\BOOKMARK [3][-]{subsubsection.2.2.5}{\376\377\000L\000\375\000\040\000t\000h\000u\000y\036\277\000t\000\040\000v\036\301\000\040\000m\000o\000d\000u\000l\000e\000\040\000c\000h\000u\000y\036\303\000n\000\040\001\021\036\325\000i\000\040\000t\001\260\001\241\000n\000g\000\040\000t\036\361\000\040\000A\000D\000C}{subsection.2.2}% 26
\BOOKMARK [2][-]{subsection.2.3}{\376\377\000T\036\325\000n\000g\000\040\000q\000u\000a\000n\000\040\000v\036\301\000\040\000I\000n\000t\000e\000r\000n\000e\000t\000\040\000o\000f\000\040\000T\000h\000i\000n\000g\000s}{subsection.1.7}% 27
\BOOKMARK [3][-]{subsubsection.2.3.1}{\376\377\000G\000i\036\333\000i\000\040\000t\000h\000i\036\307\000u}{subsection.2.3}% 28
\BOOKMARK [3][-]{subsubsection.2.3.2}{\376\377\000\040\000C\036\245\000u\000\040\000t\000r\000\372\000c\000\040\000c\036\347\000a\000\040\000m\036\331\000t\000\040\000I\000O\000T}{subsection.2.3}% 29
\BOOKMARK [3][-]{subsubsection.2.3.3}{\376\377\036\350\000n\000g\000\040\000d\036\345\000n\000g\000\040\000c\036\347\000a\000\040\000I\000O\000T\000s\000u\000b}{subsection.2.3}% 30
\BOOKMARK [2][-]{subsection.2.4}{\376\377\000M\036\331\000t\000\040\000s\036\321\000\040\000g\000i\000a\000o\000\040\000t\000h\036\351\000c\000\040\000t\000r\000u\000y\036\301\000n\000\040\000t\036\243\000i\000\040\000d\036\357\000\040\000l\000i\036\307\000u\000\040\000t\000r\000o\000n\000g\000\040\000I\000o\000T}{subsection.1.7}% 31
\BOOKMARK [3][-]{subsubsection.2.4.1}{\376\377\000\040\000G\000i\000a\000o\000\040\000t\000h\036\351\000c\000\040\000t\000r\000u\000y\036\301\000n\000\040\000t\000h\000\364\000n\000g\000\040\000M\000Q\000T\000T}{subsection.2.4}% 32
\BOOKMARK [3][-]{subsubsection.2.4.2}{\376\377\000G\000i\000a\000o\000\040\000t\000h\036\351\000c\000\040\000t\000r\000u\000y\036\301\000n\000\040\000t\000h\000\364\000n\000g\000\040\000C\000o\000A\000P}{subsection.2.4}% 33
\BOOKMARK [2][-]{subsection.2.5}{\376\377\000M\036\241\000n\000g\000\040\000L\000P\000W\000A\000N\000\040\036\351\000n\000g\000\040\000d\036\345\000n\000g\000\040\000c\000h\000o\000\040\000I\000O\000T}{subsection.1.7}% 34
\BOOKMARK [3][-]{subsubsection.2.5.1}{\376\377\000G\000i\036\333\000i\000\040\000t\000h\000i\036\307\000u\000\040\000v\036\301\000\040\000M\036\241\000n\000g\000\040\000L\000P\000W\000A\000N}{subsection.2.5}% 35
\BOOKMARK [3][-]{subsubsection.2.5.2}{\376\377\001\020\036\267\000c\000\040\001\021\000i\036\303\000m\000\040\000c\036\347\000a\000\040\000L\000P\000W\000A\000N}{subsection.2.5}% 36
\BOOKMARK [3][-]{subsubsection.2.5.3}{\376\377\000C\000\341\000c\000\040\000c\000\364\000n\000g\000\040\000n\000g\000h\036\307\000\040\000L\000P\000W\000A\000N\000\040\000p\000h\036\325\000\040\000b\000i\036\277\000n}{subsection.2.5}% 37
\BOOKMARK [3][-]{subsubsection.2.5.4}{\376\377\036\350\000n\000g\000\040\000d\036\345\000n\000g\000\040\000c\036\347\000a\000\040\000c\000\364\000n\000g\000\040\000n\000g\000h\036\307\000\040\000L\000P\000W\000A\000N}{subsection.2.5}% 38
\BOOKMARK [2][-]{subsection.2.6}{\376\377\000C\000\364\000n\000g\000\040\000n\000g\000h\036\307\000\040\000t\000r\000u\000y\036\301\000n\000\040\000t\000h\000\364\000n\000g\000\040\000L\000o\000r\000a}{subsection.1.7}% 39
\BOOKMARK [3][-]{subsubsection.2.6.1}{\376\377\000G\000i\036\333\000i\000\040\000t\000h\000i\036\307\000u}{subsection.2.6}% 40
\BOOKMARK [3][-]{subsubsection.2.6.2}{\376\377\000C\000\364\000n\000g\000\040\000t\000h\036\351\000c\000\040\000S\000h\000a\000n\000n\000o\000n\000\040\040\023\000\040\000H\000a\000r\000t\000l\000e\000y}{subsection.2.6}% 41
\BOOKMARK [3][-]{subsubsection.2.6.3}{\376\377\000K\001\051\000\040\000t\000h\000u\036\255\000t\000\040\000t\000r\036\243\000i\000\040\000p\000h\036\325\000\040}{subsection.2.6}% 42
\BOOKMARK [3][-]{subsubsection.2.6.4}{\376\377\000C\000h\000i\000r\000p\000\040\000S\000p\000r\000e\000a\000d\000\040\040\023\000\040\000S\000p\000e\000c\000t\000r\000u\000m}{subsection.2.6}% 43
\BOOKMARK [3][-]{subsubsection.2.6.5}{\376\377\000L\000o\000R\000a\000\040\000C\000h\000i\000r\000p\000\040\000S\000p\000r\000e\000a\000d\000\040\040\023\000\040\000S\000p\000e\000c\000t\000r\000u\000m}{subsection.2.6}% 44
\BOOKMARK [3][-]{subsubsection.2.6.6}{\376\377\000C\000\341\000c\000\040\001\021\036\267\000c\000\040\001\021\000i\036\303\000m\000\040\000n\036\325\000i\000\040\000b\036\255\000t\000\040}{subsection.2.6}% 45
\BOOKMARK [3][-]{subsubsection.2.6.7}{\376\377\000C\000\341\000c\000\040\000t\000h\000a\000m\000\040\000s\036\321\000\040\000k\036\371\000\040\000t\000h\000u\036\255\000t\000\040\000c\000h\000\355\000n\000h}{subsection.2.6}% 46
\BOOKMARK [3][-]{subsubsection.2.6.8}{\376\377\000T\000h\036\335\000i\000\040\000g\000i\000a\000n\000\040\000t\000r\000u\000y\036\301\000n}{subsection.2.6}% 47
\BOOKMARK [2][-]{subsection.2.7}{\376\377\000L\000\375\000\040\000t\000h\000u\000y\036\277\000t\000\040\000v\036\301\000\040\000m\036\241\000n\000g\000\040\000M\000e\000s\000h\000\040}{subsection.1.7}% 48
\BOOKMARK [3][-]{subsubsection.2.7.1}{\376\377\000G\000i\036\333\000i\000\040\000t\000h\000i\036\307\000u}{subsection.2.7}% 49
\BOOKMARK [3][-]{subsubsection.2.7.2}{\376\377\001\020\036\267\000c\000\040\001\021\000i\036\303\000m\000\040\000c\036\347\000a\000\040\000c\036\245\000u\000\040\000t\000r\000\372\000c\000\040\000l\000i\000\352\000n\000\040\000k\036\277\000t\000\040\000t\000r\000o\000n\000g\000\040\000m\036\241\000n\000g\000\040\000M\000e\000s\000h}{subsection.2.7}% 50
\BOOKMARK [3][-]{subsubsection.2.7.3}{\376\377\000C\036\245\000u\000\040\000T\000r\000\372\000c\000\040\000c\036\347\000a\000\040\000M\036\241\000n\000g\000\040\000M\000e\000s\000h}{subsection.2.7}% 51
\BOOKMARK [3][-]{subsubsection.2.7.4}{\376\377\036\350\000n\000g\000\040\000d\036\345\000n\000g\000\040\000c\036\347\000a\000\040\000m\036\241\000n\000g\000\040\000M\000e\000s\000h}{subsection.2.7}% 52
\BOOKMARK [2][-]{subsection.2.8}{\376\377\000V\000i\000\040\001\021\000i\036\301\000u\000\040\000k\000h\000i\036\303\000n}{subsection.1.7}% 53
\BOOKMARK [3][-]{subsubsection.2.8.1}{\376\377\000K\000i\036\277\000n\000\040\000t\000r\000\372\000c\000\040\000c\000h\000u\000n\000g\000\040\000c\036\347\000a\000\040\000m\036\331\000t\000\040\000v\000i\000\040\001\021\000i\036\301\000u\000\040\000k\000h\000i\036\303\000n}{subsection.2.8}% 54
\BOOKMARK [3][-]{subsubsection.2.8.2}{\376\377\000C\036\245\000u\000\040\000t\000r\000\372\000c\000\040\000l\000\365\000i\000\040\000v\000i\000\040\000x\036\355\000\040\000l\000\375\000\040\000A\000R\000M}{subsection.2.8}% 55
\BOOKMARK [3][-]{subsubsection.2.8.3}{\376\377\001\257\000u\000\040\001\021\000i\036\303\000m\000\040\000v\000\340\000\040\000n\000h\001\260\036\343\000c\000\040\001\021\000i\036\303\000m\000\040\000c\036\347\000a\000\040\000v\000i\000\040\001\021\000i\036\301\000u\000\040\000k\000h\000i\036\303\000n\000\040\000l\000\365\000i\000\040\000A\000R\000M}{subsection.2.8}% 56
\BOOKMARK [2][-]{subsection.2.9}{\376\377\000C\000h\000u\036\251\000n\000\040\000g\000i\000a\000o\000\040\000t\000i\036\277\000p}{subsection.1.7}% 57
\BOOKMARK [3][-]{subsubsection.2.9.1}{\376\377\000G\000P\000I\000O}{subsection.2.9}% 58
\BOOKMARK [3][-]{subsubsection.2.9.2}{\376\377\000G\000i\000a\000o\000\040\000t\000i\036\277\000p\000\040\000I\0002\000C}{subsection.2.9}% 59
\BOOKMARK [3][-]{subsubsection.2.9.3}{\376\377\000G\000i\000a\000o\000\040\000t\000i\036\277\000p\000\040\000S\000P\000I}{subsection.2.9}% 60
\BOOKMARK [3][-]{subsubsection.2.9.4}{\376\377\000G\000i\000a\000o\000\040\000t\000i\036\277\000p\000\040\000U\000A\000R\000T}{subsection.2.9}% 61
\BOOKMARK [2][-]{subsection.2.10}{\376\377\000G\000P\000S\000\040\000-\000\040\000G\000l\000o\000b\000a\000l\000\040\000P\000o\000s\000i\000t\000i\000o\000n\000i\000n\000g\000\040\000S\000y\000s\000t\000e\000m}{subsection.1.7}% 62
\BOOKMARK [3][-]{subsubsection.2.10.1}{\376\377\000G\000i\036\333\000i\000\040\000t\000h\000i\036\307\000u\000\040\000v\036\301\000\040\000G\000P\000S}{subsection.2.10}% 63
\BOOKMARK [3][-]{subsubsection.2.10.2}{\376\377\000C\000\341\000c\000h\000\040\000t\000h\036\351\000c\000\040\000h\000o\036\241\000t\000\040\001\021\036\331\000n\000g\000\040\000c\036\347\000a\000\040\000G\000P\000S}{subsection.2.10}% 64
\BOOKMARK [2][-]{subsection.2.11}{\376\377\000L\000\375\000\040\000t\000h\000u\000y\036\277\000t\000\040\000v\036\301\000\040\000h\036\307\000\040\001\021\000i\036\301\000u\000\040\000h\000\340\000n\000h\000\040\000t\000h\036\335\000i\000\040\000g\000i\000a\000n\000\040\000t\000h\036\361\000c\000\040\000R\000T\000O\000S\000\040}{subsection.1.7}% 65
\BOOKMARK [3][-]{subsubsection.2.11.1}{\376\377\000G\000i\036\333\000i\000\040\000t\000h\000i\036\307\000u\000\040\000v\036\301\000\040\000R\000T\000O\000S}{subsection.2.11}% 66
\BOOKMARK [2][-]{subsection.2.12}{\376\377\000G\000i\036\333\000i\000\040\000t\000h\000i\036\307\000u\000\040\000v\036\301\000\040\000p\000h\036\247\000n\000\040\000m\036\301\000m\000\040\000t\000h\000i\036\277\000t\000\040\000k\036\277\000\040\0003\000D}{subsection.1.7}% 67
\BOOKMARK [3][-]{subsubsection.2.12.1}{\376\377\000G\000i\036\333\000i\000\040\000t\000h\000i\036\307\000u\000\040\000v\036\301\000\040\000F\000u\000s\000i\000o\000n\000\040\0003\0006\0000}{subsection.2.12}% 68
\BOOKMARK [3][-]{subsubsection.2.12.2}{\376\377\000C\000\341\000c\000\040\000t\000\355\000n\000h\000\040\000n\001\003\000n\000g\000\040\000c\036\347\000a\000\040\000F\000u\000s\000i\000o\000n\000\040\0003\0006\0000}{subsection.2.12}% 69
\BOOKMARK [3][-]{subsubsection.2.12.3}{\376\377\036\350\000n\000g\000\040\000d\036\345\000n\000g\000\040\000c\036\347\000a\000\040\000F\000u\000s\000i\000o\000n\000\040\0003\0006\0000}{subsection.2.12}% 70
\BOOKMARK [2][-]{subsection.2.13}{\376\377\000K\036\277\000t\000\040\000l\000u\036\255\000n}{subsection.1.7}% 71
\BOOKMARK [1][-]{subsection.2.13}{\376\377\000C\000H\001\257\001\240\000N\000G\000\040\0003\000.\000\040\000T\000H\000I\036\276\000T\000\040\000K\036\276\000\040\000H\036\306\000\040\000T\000H\036\320\000N\000G\000\040\000V\000\300\000\040\000T\000H\036\354\000\040\000N\000G\000H\000I\036\306\000M}{}% 72
\BOOKMARK [2][-]{subsection.3.1}{\376\377\000P\000h\000\342\000n\000\040\000t\000\355\000c\000h\000\040\000h\036\307\000\040\000t\000h\036\321\000n\000g}{subsection.2.13}% 73
\BOOKMARK [3][-]{subsubsection.3.1.1}{\376\377\000M\036\345\000c\000\040\001\021\000\355\000c\000h\000\040\000c\036\347\000a\000\040\000h\036\307\000\040\000t\000h\036\321\000n\000g}{subsection.3.1}% 74
\BOOKMARK [3][-]{subsubsection.3.1.2}{\376\377\001\020\036\321\000i\000\040\000t\001\260\036\343\000n\000g\000\040\000c\036\347\000a\000\040\000h\036\307}{subsection.3.1}% 75
\BOOKMARK [3][-]{subsubsection.3.1.3}{\376\377\000Y\000\352\000u\000\040\000c\036\247\000u\000\040\000c\000h\036\351\000c\000\040\000n\001\003\000n\000g\000\040\000v\000\340\000\040\000p\000h\000i\000\040\000c\000h\036\351\000c\000\040\000n\001\003\000n\000g}{subsection.3.1}% 76
\BOOKMARK [2][-]{subsection.3.2}{\376\377\000T\000h\000i\036\277\000t\000\040\000k\036\277\000\040\000h\036\307\000\040\000t\000h\036\321\000n\000g}{subsection.2.13}% 77
\BOOKMARK [3][-]{subsubsection.3.2.1}{\376\377\000T\000h\000i\036\277\000t\000\040\000k\036\277\000\040\000m\036\241\000c\000h\000\040\000c\036\351\000n\000g\000\040\000c\036\347\000a\000\040\000h\036\307\000\040\000t\000h\036\321\000n\000g}{subsection.3.2}% 78
\BOOKMARK [3][-]{subsubsection.3.2.2}{\376\377\000T\000h\000i\036\277\000t\000\040\000k\036\277\000\040\000f\000i\000r\000m\000w\000a\000r\000e\000\040\000c\036\347\000a\000\040\000h\036\307\000\040\000t\000h\036\321\000n\000g}{subsection.3.2}% 79
\BOOKMARK [3][-]{subsubsection.3.2.3}{\376\377\000T\000h\000i\036\277\000t\000\040\000k\036\277\000\040\0003\000D\000\040\000c\036\347\000a\000\040\000v\036\317\000\040\000h\036\331\000p}{subsection.3.2}% 80
\BOOKMARK [2][-]{subsection.3.3}{\376\377\000K\036\303\000t\000\040\000q\000u\036\243\000\040\001\021\036\241\000t\000\040\001\021\001\260\036\343\000c}{subsection.2.13}% 81
\BOOKMARK [3][-]{subsubsection.3.3.1}{\376\377\000P\000h\036\247\000n\000\040\000c\036\351\000n\000g}{subsection.3.3}% 82
\BOOKMARK [3][-]{subsubsection.3.3.2}{\376\377\000D\036\357\000\040\000l\000i\036\307\000u\000\040\000c\036\347\000a\000\040\000b\036\331\000\040\001\021\000o\000\040\000v\000\340\000\040\000t\000h\000i\036\277\000t\000\040\000b\036\313\000\040\000t\000r\000u\000y\036\301\000n\000\040\000t\000h\000\364\000n\000g}{subsection.3.3}% 83
\BOOKMARK [3][-]{subsubsection.3.3.3}{\376\377\000T\000h\036\355\000\040\000n\000g\000h\000i\036\307\000m\000\040\000h\036\307\000\040\000t\000h\036\321\000n\000g}{subsection.3.3}% 84
\BOOKMARK [2][-]{subsection.3.4}{\376\377\000K\036\277\000t\000\040\000l\000u\036\255\000n}{subsection.2.13}% 85
\BOOKMARK [1][-]{section*.170}{\376\377\000K\036\276\000T\000\040\000L\000U\036\254\000N}{}% 86
\BOOKMARK [1][-]{section*.171}{\376\377\000K\036\277\000t\000\040\000l\000u\036\255\000n\000\040\000c\000h\000u\000n\000g}{}% 87
\BOOKMARK [1][-]{section*.172}{\376\377\000H\001\260\036\333\000n\000g\000\040\000p\000h\000\341\000t\000\040\000t\000r\000i\036\303\000n}{}% 88
\BOOKMARK [1][-]{section*.173}{\376\377\000K\000i\036\277\000n\000\040\000n\000g\000h\036\313\000\040\000v\000\340\000\040\001\021\036\301\000\040\000x\000u\036\245\000t}{}% 89
\BOOKMARK [1][-]{section*.174}{\376\377\000T\000\300\000I\000\040\000L\000I\036\306\000U\000\040\000T\000H\000A\000M\000\040\000K\000H\036\242\000O}{}% 90
\BOOKMARK [1][-]{section*.175}{\376\377\000\040\000P\000H\036\344\000\040\000L\036\344\000C}{}% 91
